<?xml version="1.0" encoding="UTF-8"?>
<testsuite name="com.java.pknote.springboot.web.PostsApiControllerTest" tests="2" skipped="0" failures="0" errors="0" timestamp="2020-04-04T12:16:53" hostname="JAEGEUN-gram" time="0.227">
  <properties/>
  <testcase name="Posts_등록된다" classname="com.java.pknote.springboot.web.PostsApiControllerTest" time="0.174"/>
  <testcase name="Posts_수정된다" classname="com.java.pknote.springboot.web.PostsApiControllerTest" time="0.052"/>
  <system-out><![CDATA[2020-04-04 21:16:53.573  INFO 16860 --- [    Test worker] .b.t.c.SpringBootTestContextBootstrapper : Neither @ContextConfiguration nor @ContextHierarchy found for test class [com.java.pknote.springboot.web.PostsApiControllerTest], using SpringBootContextLoader
2020-04-04 21:16:53.577  INFO 16860 --- [    Test worker] o.s.t.c.support.AbstractContextLoader    : Could not detect default resource locations for test class [com.java.pknote.springboot.web.PostsApiControllerTest]: no resource found for suffixes {-context.xml, Context.groovy}.
2020-04-04 21:16:53.577  INFO 16860 --- [    Test worker] t.c.s.AnnotationConfigContextLoaderUtils : Could not detect default configuration classes for test class [com.java.pknote.springboot.web.PostsApiControllerTest]: PostsApiControllerTest does not declare any static, non-private, non-final, nested classes annotated with @Configuration.
2020-04-04 21:16:53.582  INFO 16860 --- [    Test worker] .b.t.c.SpringBootTestContextBootstrapper : Found @SpringBootConfiguration com.java.pknote.springboot.Application for test class com.java.pknote.springboot.web.PostsApiControllerTest
2020-04-04 21:16:53.585  INFO 16860 --- [    Test worker] .b.t.c.SpringBootTestContextBootstrapper : Loaded default TestExecutionListener class names from location [META-INF/spring.factories]: [org.springframework.security.test.context.support.WithSecurityContextTestExecutionListener, org.springframework.security.test.context.support.ReactorContextTestExecutionListener, org.springframework.boot.test.autoconfigure.restdocs.RestDocsTestExecutionListener, org.springframework.boot.test.autoconfigure.web.client.MockRestServiceServerResetTestExecutionListener, org.springframework.boot.test.autoconfigure.web.servlet.MockMvcPrintOnlyOnFailureTestExecutionListener, org.springframework.boot.test.autoconfigure.web.servlet.WebDriverTestExecutionListener, org.springframework.boot.test.mock.mockito.MockitoTestExecutionListener, org.springframework.boot.test.mock.mockito.ResetMocksTestExecutionListener, org.springframework.test.context.web.ServletTestExecutionListener, org.springframework.test.context.support.DirtiesContextBeforeModesTestExecutionListener, org.springframework.test.context.support.DependencyInjectionTestExecutionListener, org.springframework.test.context.support.DirtiesContextTestExecutionListener, org.springframework.test.context.transaction.TransactionalTestExecutionListener, org.springframework.test.context.jdbc.SqlScriptsTestExecutionListener]
2020-04-04 21:16:53.588  INFO 16860 --- [    Test worker] .b.t.c.SpringBootTestContextBootstrapper : Using TestExecutionListeners: [org.springframework.test.context.web.ServletTestExecutionListener@24cee482, org.springframework.test.context.support.DirtiesContextBeforeModesTestExecutionListener@4ce5f09f, org.springframework.boot.test.mock.mockito.MockitoTestExecutionListener@73de053d, org.springframework.boot.test.autoconfigure.SpringBootDependencyInjectionTestExecutionListener@759335ba, org.springframework.test.context.support.DirtiesContextTestExecutionListener@262a357e, org.springframework.test.context.transaction.TransactionalTestExecutionListener@4528482c, org.springframework.test.context.jdbc.SqlScriptsTestExecutionListener@465c4a59, org.springframework.security.test.context.support.WithSecurityContextTestExecutionListener@2a0e99cd, org.springframework.security.test.context.support.ReactorContextTestExecutionListener@5d78d837, org.springframework.boot.test.autoconfigure.restdocs.RestDocsTestExecutionListener@5a96829c, org.springframework.boot.test.autoconfigure.web.client.MockRestServiceServerResetTestExecutionListener@7e3c0515, org.springframework.boot.test.autoconfigure.web.servlet.MockMvcPrintOnlyOnFailureTestExecutionListener@20a22bee, org.springframework.boot.test.autoconfigure.web.servlet.WebDriverTestExecutionListener@3b00e6ad, org.springframework.boot.test.mock.mockito.ResetMocksTestExecutionListener@556c1133]
2020-04-04 21:16:53.608  INFO 16860 --- [    Test worker] o.a.c.c.C.[Tomcat].[localhost].[/]       : Initializing Spring TestDispatcherServlet ''
2020-04-04 21:16:53.609  INFO 16860 --- [    Test worker] o.s.t.web.servlet.TestDispatcherServlet  : Initializing Servlet ''
2020-04-04 21:16:53.613  INFO 16860 --- [    Test worker] o.s.t.web.servlet.TestDispatcherServlet  : Completed initialization in 4 ms
Hibernate: insert into posts (create_date, modified_date, author, content, title) values (?, ?, ?, ?, ?)
Hibernate: select posts0_.id as id1_0_, posts0_.create_date as create_d2_0_, posts0_.modified_date as modified3_0_, posts0_.author as author4_0_, posts0_.content as content5_0_, posts0_.title as title6_0_ from posts posts0_
Hibernate: select posts0_.id as id1_0_, posts0_.create_date as create_d2_0_, posts0_.modified_date as modified3_0_, posts0_.author as author4_0_, posts0_.content as content5_0_, posts0_.title as title6_0_ from posts posts0_
Hibernate: delete from posts where id=?
2020-04-04 21:16:53.775  INFO 16860 --- [    Test worker] o.a.c.c.C.[Tomcat].[localhost].[/]       : Initializing Spring TestDispatcherServlet ''
2020-04-04 21:16:53.775  INFO 16860 --- [    Test worker] o.s.t.web.servlet.TestDispatcherServlet  : Initializing Servlet ''
2020-04-04 21:16:53.780  INFO 16860 --- [    Test worker] o.s.t.web.servlet.TestDispatcherServlet  : Completed initialization in 5 ms
Hibernate: insert into posts (create_date, modified_date, author, content, title) values (?, ?, ?, ?, ?)
Hibernate: select posts0_.id as id1_0_0_, posts0_.create_date as create_d2_0_0_, posts0_.modified_date as modified3_0_0_, posts0_.author as author4_0_0_, posts0_.content as content5_0_0_, posts0_.title as title6_0_0_ from posts posts0_ where posts0_.id=?
Hibernate: update posts set create_date=?, modified_date=?, author=?, content=?, title=? where id=?
Hibernate: select posts0_.id as id1_0_, posts0_.create_date as create_d2_0_, posts0_.modified_date as modified3_0_, posts0_.author as author4_0_, posts0_.content as content5_0_, posts0_.title as title6_0_ from posts posts0_
Hibernate: select posts0_.id as id1_0_, posts0_.create_date as create_d2_0_, posts0_.modified_date as modified3_0_, posts0_.author as author4_0_, posts0_.content as content5_0_, posts0_.title as title6_0_ from posts posts0_
Hibernate: delete from posts where id=?
]]></system-out>
  <system-err><![CDATA[]]></system-err>
</testsuite>
